#
# There is insufficient memory for the Java Runtime Environment to continue.
# Native memory allocation (malloc) failed to allocate 1134976 bytes for Chunk::new
# Possible reasons:
#   The system is out of physical RAM or swap space
#   In 32 bit mode, the process size limit was hit
# Possible solutions:
#   Reduce memory load on the system
#   Increase physical memory or swap space
#   Check if swap backing store is full
#   Use 64 bit Java on a 64 bit OS
#   Decrease Java heap size (-Xmx/-Xms)
#   Decrease number of Java threads
#   Decrease Java thread stack sizes (-Xss)
#   Set larger code cache with -XX:ReservedCodeCacheSize=
# This output file may be truncated or incomplete.
#
#  Out of Memory Error (allocation.cpp:390), pid=6184, tid=0x0000000000001ee0
#
# JRE version: Java(TM) SE Runtime Environment (8.0_92-b14) (build 1.8.0_92-b14)
# Java VM: Java HotSpot(TM) 64-Bit Server VM (25.92-b14 mixed mode windows-amd64 compressed oops)
# Failed to write core dump. Minidumps are not enabled by default on client versions of Windows
#

---------------  T H R E A D  ---------------

Current thread (0x000000001b67a000):  JavaThread "C2 CompilerThread0" daemon [_thread_in_native, id=7904, stack(0x000000001c690000,0x000000001c790000)]

Stack: [0x000000001c690000,0x000000001c790000]
[error occurred during error reporting (printing stack bounds), id 0xc0000005]

Native frames: (J=compiled Java code, j=interpreted, Vv=VM code, C=native code)


Current CompileTask:
C2:   2991 1565   !   4       com.android.dx.cf.cst.ConstantPoolParser::parse0 (731 bytes)


---------------  P R O C E S S  ---------------

Java Threads: ( => current thread )
  0x000000001ccab000 JavaThread "pool-2-thread-4" [_thread_blocked, id=8728, stack(0x000000001d290000,0x000000001d390000)]
  0x000000001ccaf000 JavaThread "pool-2-thread-3" [_thread_in_Java, id=8244, stack(0x000000001d190000,0x000000001d290000)]
  0x000000001ccac000 JavaThread "pool-2-thread-2" [_thread_blocked, id=6688, stack(0x000000001d090000,0x000000001d190000)]
  0x000000001ccad800 JavaThread "pool-3-thread-1" [_thread_blocked, id=5296, stack(0x000000001cf90000,0x000000001d090000)]
  0x000000001ccae000 JavaThread "pool-2-thread-1" [_thread_blocked, id=9140, stack(0x000000001ce90000,0x000000001cf90000)]
  0x000000001b6db800 JavaThread "Service Thread" daemon [_thread_blocked, id=7892, stack(0x000000001c890000,0x000000001c990000)]
  0x000000001b6d2000 JavaThread "C1 CompilerThread1" daemon [_thread_blocked, id=2668, stack(0x000000001c790000,0x000000001c890000)]
=>0x000000001b67a000 JavaThread "C2 CompilerThread0" daemon [_thread_in_native, id=7904, stack(0x000000001c690000,0x000000001c790000)]
  0x000000001b678800 JavaThread "Attach Listener" daemon [_thread_blocked, id=8212, stack(0x000000001c590000,0x000000001c690000)]
  0x000000001b675000 JavaThread "Signal Dispatcher" daemon [_thread_blocked, id=2848, stack(0x000000001c490000,0x000000001c590000)]
  0x00000000021e7800 JavaThread "Finalizer" daemon [_thread_blocked, id=9172, stack(0x000000001c2b0000,0x000000001c3b0000)]
  0x00000000021dd800 JavaThread "Reference Handler" daemon [_thread_blocked, id=1020, stack(0x000000001c1b0000,0x000000001c2b0000)]
  0x000000000051d800 JavaThread "main" [_thread_blocked, id=5204, stack(0x0000000000730000,0x0000000000830000)]

Other Threads:
  0x000000001b645800 VMThread [stack: 0x000000001c0b0000,0x000000001c1b0000] [id=5316]
  0x000000001b6e8000 WatcherThread [stack: 0x000000001c990000,0x000000001ca90000] [id=6676]

VM state:not at safepoint (normal execution)

VM Mutex/Monitor currently owned by a thread: None

Heap:
 PSYoungGen      total 66048K, used 23343K [0x000000076ab00000, 0x000000076ee00000, 0x00000007c0000000)
  eden space 63488K, 32% used [0x000000076ab00000,0x000000076bf4ec20,0x000000076e900000)
  from space 2560K, 99% used [0x000000076eb80000,0x000000076edfd228,0x000000076ee00000)
  to   space 2560K, 0% used [0x000000076e900000,0x000000076e900000,0x000000076eb80000)
 ParOldGen       total 42496K, used 12330K [0x00000006c0000000, 0x00000006c2980000, 0x000000076ab00000)
  object space 42496K, 29% used [0x00000006c0000000,0x00000006c0c0a9d8,0x00000006c2980000)
 Metaspace       used 6264K, capacity 7090K, committed 7296K, reserved 1056768K
  class space    used 596K, capacity 618K, committed 640K, reserved 1048576K

Card table byte_map: [0x00000000115b0000,0x0000000011dc0000] byte_map_base: 0x000000000dfb0000

Marking Bits: (ParMarkBitMap*) 0x00000000728364f0
 Begin Bits: [0x0000000012520000, 0x0000000016520000)
 End Bits:   [0x0000000016520000, 0x000000001a520000)

Polling page: 0x00000000004e0000

CodeCache: size=245760Kb used=6433Kb max_used=6433Kb free=239326Kb
 bounds [0x00000000021f0000, 0x0000000002840000, 0x00000000111f0000]
 total_blobs=1917 nmethods=1649 adapters=181
 compilation: enabled

Compilation events (10 events):
Event: 2.869 Thread 0x000000001b6d2000 1629       2       java.util.BitSet::clear (28 bytes)
Event: 2.870 Thread 0x000000001b6d2000 nmethod 1629 0x000000000281b110 code [0x000000000281b280, 0x000000000281b450]
Event: 2.870 Thread 0x000000001b6d2000 1630       2       com.android.dx.rop.type.Type::getComponentType (70 bytes)
Event: 2.871 Thread 0x000000001b6d2000 nmethod 1630 0x000000000281b550 code [0x000000000281b720, 0x000000000281bc28]
Event: 2.871 Thread 0x000000001b6d2000 1631       2       com.android.dx.cf.code.SwitchList::getTarget (9 bytes)
Event: 2.871 Thread 0x000000001b6d2000 nmethod 1631 0x000000000281bf50 code [0x000000000281c0c0, 0x000000000281c248]
Event: 2.872 Thread 0x000000001b6d2000 1632       2       com.android.dx.ssa.SsaMethod::updateOneDefinition (70 bytes)
Event: 2.872 Thread 0x000000001b6d2000 nmethod 1632 0x000000000281c310 code [0x000000000281c4a0, 0x000000000281c7e8]
Event: 2.873 Thread 0x000000001b6d2000 1633       2       com.android.dx.cf.attrib.InnerClassList$Item::<init> (40 bytes)
Event: 2.873 Thread 0x000000001b6d2000 nmethod 1633 0x000000000281cad0 code [0x000000000281cc40, 0x000000000281ce88]

GC Heap History (6 events):
Event: 1.554 GC heap before
{Heap before GC invocations=1 (full 0):
 PSYoungGen      total 18432K, used 15872K [0x000000076ab00000, 0x000000076bf80000, 0x00000007c0000000)
  eden space 15872K, 100% used [0x000000076ab00000,0x000000076ba80000,0x000000076ba80000)
  from space 2560K, 0% used [0x000000076bd00000,0x000000076bd00000,0x000000076bf80000)
  to   space 2560K, 0% used [0x000000076ba80000,0x000000076ba80000,0x000000076bd00000)
 ParOldGen       total 42496K, used 0K [0x00000006c0000000, 0x00000006c2980000, 0x000000076ab00000)
  object space 42496K, 0% used [0x00000006c0000000,0x00000006c0000000,0x00000006c2980000)
 Metaspace       used 5465K, capacity 6448K, committed 6528K, reserved 1056768K
  class space    used 589K, capacity 616K, committed 640K, reserved 1048576K
Event: 1.597 GC heap after
Heap after GC invocations=1 (full 0):
 PSYoungGen      total 18432K, used 2548K [0x000000076ab00000, 0x000000076cf00000, 0x00000007c0000000)
  eden space 15872K, 0% used [0x000000076ab00000,0x000000076ab00000,0x000000076ba80000)
  from space 2560K, 99% used [0x000000076ba80000,0x000000076bcfd248,0x000000076bd00000)
  to   space 2560K, 0% used [0x000000076cc80000,0x000000076cc80000,0x000000076cf00000)
 ParOldGen       total 42496K, used 732K [0x00000006c0000000, 0x00000006c2980000, 0x000000076ab00000)
  object space 42496K, 1% used [0x00000006c0000000,0x00000006c00b7350,0x00000006c2980000)
 Metaspace       used 5465K, capacity 6448K, committed 6528K, reserved 1056768K
  class space    used 589K, capacity 616K, committed 640K, reserved 1048576K
}
Event: 2.259 GC heap before
{Heap before GC invocations=2 (full 0):
 PSYoungGen      total 18432K, used 18420K [0x000000076ab00000, 0x000000076cf00000, 0x00000007c0000000)
  eden space 15872K, 100% used [0x000000076ab00000,0x000000076ba80000,0x000000076ba80000)
  from space 2560K, 99% used [0x000000076ba80000,0x000000076bcfd248,0x000000076bd00000)
  to   space 2560K, 0% used [0x000000076cc80000,0x000000076cc80000,0x000000076cf00000)
 ParOldGen       total 42496K, used 732K [0x00000006c0000000, 0x00000006c2980000, 0x000000076ab00000)
  object space 42496K, 1% used [0x00000006c0000000,0x00000006c00b7350,0x00000006c2980000)
 Metaspace       used 6040K, capacity 6962K, committed 7040K, reserved 1056768K
  class space    used 595K, capacity 618K, committed 640K, reserved 1048576K
Event: 2.267 GC heap after
Heap after GC invocations=2 (full 0):
 PSYoungGen      total 34304K, used 2535K [0x000000076ab00000, 0x000000076cf00000, 0x00000007c0000000)
  eden space 31744K, 0% used [0x000000076ab00000,0x000000076ab00000,0x000000076ca00000)
  from space 2560K, 99% used [0x000000076cc80000,0x000000076cef9c50,0x000000076cf00000)
  to   space 2560K, 0% used [0x000000076ca00000,0x000000076ca00000,0x000000076cc80000)
 ParOldGen       total 42496K, used 2401K [0x00000006c0000000, 0x00000006c2980000, 0x000000076ab00000)
  object space 42496K, 5% used [0x00000006c0000000,0x00000006c0258608,0x00000006c2980000)
 Metaspace       used 6040K, capacity 6962K, committed 7040K, reserved 1056768K
  class space    used 595K, capacity 618K, committed 640K, reserved 1048576K
}
Event: 2.748 GC heap before
{Heap before GC invocations=3 (full 0):
 PSYoungGen      total 34304K, used 34279K [0x000000076ab00000, 0x000000076cf00000, 0x00000007c0000000)
  eden space 31744K, 100% used [0x000000076ab00000,0x000000076ca00000,0x000000076ca00000)
  from space 2560K, 99% used [0x000000076cc80000,0x000000076cef9c50,0x000000076cf00000)
  to   space 2560K, 0% used [0x000000076ca00000,0x000000076ca00000,0x000000076cc80000)
 ParOldGen       total 42496K, used 2401K [0x00000006c0000000, 0x00000006c2980000, 0x000000076ab00000)
  object space 42496K, 5% used [0x00000006c0000000,0x00000006c0258608,0x00000006c2980000)
 Metaspace       used 6234K, capacity 7090K, committed 7296K, reserved 1056768K
  class space    used 595K, capacity 618K, committed 640K, reserved 1048576K
Event: 2.763 GC heap after
Heap after GC invocations=3 (full 0):
 PSYoungGen      total 34304K, used 2544K [0x000000076ab00000, 0x000000076ee00000, 0x00000007c0000000)
  eden space 31744K, 0% used [0x000000076ab00000,0x000000076ab00000,0x000000076ca00000)
  from space 2560K, 99% used [0x000000076ca00000,0x000000076cc7c010,0x000000076cc80000)
  to   space 2560K, 0% used [0x000000076eb80000,0x000000076eb80000,0x000000076ee00000)
 ParOldGen       total 42496K, used 7495K [0x00000006c0000000, 0x00000006c2980000, 0x000000076ab00000)
  object space 42496K, 17% used [0x00000006c0000000,0x00000006c0751f88,0x00000006c2980000)
 Metaspace       used 6234K, capacity 7090K, committed 7296K, reserved 1056768K
  class space    used 595K, capacity 618K, committed 640K, reserved 1048576K
}

Deoptimization events (8 events):
Event: 1.612 Thread 0x000000000051d800 Uncommon trap: reason=unstable_if action=reinterpret pc=0x00000000023e32e4 method=java.lang.String.<init>([CII)V @ 18
Event: 1.750 Thread 0x000000000051d800 Uncommon trap: reason=class_check action=maybe_recompile pc=0x00000000024ea7bc method=com.android.dx.rop.type.Type.equals(Ljava/lang/Object;)Z @ 8
Event: 1.750 Thread 0x000000000051d800 Uncommon trap: reason=class_check action=maybe_recompile pc=0x000000000252d2b8 method=com.android.dx.rop.type.Type.equals(Ljava/lang/Object;)Z @ 8
Event: 1.762 Thread 0x000000001ccae000 Uncommon trap: reason=class_check action=maybe_recompile pc=0x000000000252d2dc method=com.android.dx.rop.type.Type.equals(Ljava/lang/Object;)Z @ 8
Event: 1.762 Thread 0x000000001ccae000 Uncommon trap: reason=class_check action=maybe_recompile pc=0x000000000252d2dc method=com.android.dx.rop.type.Type.equals(Ljava/lang/Object;)Z @ 8
Event: 1.767 Thread 0x000000001ccae000 Uncommon trap: reason=class_check action=maybe_recompile pc=0x00000000024ea7bc method=com.android.dx.rop.type.Type.equals(Ljava/lang/Object;)Z @ 8
Event: 2.233 Thread 0x000000001ccac000 Uncommon trap: reason=unstable_if action=reinterpret pc=0x0000000002650d4c method=com.android.dx.util.IntList.binarysearch(I)I @ 105
Event: 2.780 Thread 0x000000001ccaf000 Uncommon trap: reason=unstable_if action=reinterpret pc=0x000000000255abdc method=com.android.dx.ssa.SsaMethod.updateOneDefinition(Lcom/android/dx/ssa/SsaInsn;Lcom/android/dx/rop/code/RegisterSpec;)V @ 4

Internal exceptions (2 events):
Event: 1.034 Thread 0x000000000051d800 Exception <a 'java/lang/NoSuchMethodError': Method sun.misc.Unsafe.defineClass(Ljava/lang/String;[BII)Ljava/lang/Class; name or signature does not match> (0x000000076ab07cc0) thrown at [D:\re\workspace\8-2-build-windows-amd64-cygwin\jdk8u92\6642\hotspot\srÑ|FoŒð?
Event: 1.034 Thread 0x000000000051d800 Exception <a 'java/lang/NoSuchMethodError': Method sun.misc.Unsafe.prefetchRead(Ljava/lang/Object;J)V name or signature does not match> (0x000000076ab07fa8) thrown at [D:\re\workspace\8-2-build-windows-amd64-cygwin\jdk8u92\6642\hotspot\src\share\vm\prims\j

Events (10 events):
Event: 2.233 Thread 0x000000001ccac000 DEOPT UNPACKING pc=0x000000000223582a sp=0x000000001d18e578 mode 2
Event: 2.254 Executing VM operation: ParallelGCFailedAllocation
Event: 2.267 Executing VM operation: ParallelGCFailedAllocation done
Event: 2.706 Executing VM operation: ParallelGCFailedAllocation
Event: 2.763 Executing VM operation: ParallelGCFailedAllocation done
Event: 2.780 loading class com/android/dx/rop/code/RegOps
Event: 2.780 loading class com/android/dx/rop/code/RegOps done
Event: 2.780 Thread 0x000000001ccaf000 Uncommon trap: trap_request=0xffffff65 fr.pc=0x000000000255abdc
Event: 2.780 Thread 0x000000001ccaf000 DEOPT PACKING pc=0x000000000255abdc sp=0x000000001d28e8a0
Event: 2.780 Thread 0x000000001ccaf000 DEOPT UNPACKING pc=0x000000000223582a sp=0x000000001d28e848 mode 2


Dynamic libraries:
0x00007ff76f1b0000 - 0x00007ff76f1e7000 	C:\Program Files\Java\jdk1.8.0_92\bin\java.exe
0x00007ffbe15a0000 - 0x00007ffbe1762000 	C:\Windows\SYSTEM32\ntdll.dll
0x00007ffbdffc0000 - 0x00007ffbe006d000 	C:\Windows\system32\KERNEL32.DLL
0x00007ffbdea80000 - 0x00007ffbdec5d000 	C:\Windows\system32\KERNELBASE.dll
0x00007ffbdf4d0000 - 0x00007ffbdf576000 	C:\Windows\system32\ADVAPI32.dll
0x00007ffbdfc60000 - 0x00007ffbdfcfd000 	C:\Windows\system32\msvcrt.dll
0x00007ffbdff60000 - 0x00007ffbdffbb000 	C:\Windows\system32\sechost.dll
0x00007ffbdfb30000 - 0x00007ffbdfc56000 	C:\Windows\system32\RPCRT4.dll
0x00007ffbdfd80000 - 0x00007ffbdfece000 	C:\Windows\system32\USER32.dll
0x00007ffbdf340000 - 0x00007ffbdf4c5000 	C:\Windows\system32\GDI32.dll
0x00007ffbce990000 - 0x00007ffbcec04000 	C:\Windows\WinSxS\amd64_microsoft.windows.common-controls_6595b64144ccf1df_6.0.10240.17113_none_f41e180257520c58\COMCTL32.dll
0x00007ffbdf170000 - 0x00007ffbdf1a6000 	C:\Windows\system32\IMM32.DLL
0x00007ffbdf7b0000 - 0x00007ffbdf90c000 	C:\Windows\system32\MSCTF.dll
0x0000000072950000 - 0x0000000072a22000 	C:\Program Files\Java\jdk1.8.0_92\jre\bin\msvcr100.dll
0x0000000072020000 - 0x00000000728b6000 	C:\Program Files\Java\jdk1.8.0_92\jre\bin\server\jvm.dll
0x00007ffbdfd70000 - 0x00007ffbdfd78000 	C:\Windows\system32\PSAPI.DLL
0x00007ffbd1e30000 - 0x00007ffbd1e39000 	C:\Windows\SYSTEM32\WSOCK32.dll
0x00007ffbdfed0000 - 0x00007ffbdff39000 	C:\Windows\system32\WS2_32.dll
0x00007ffbdfd00000 - 0x00007ffbdfd08000 	C:\Windows\system32\NSI.dll
0x00007ffbdc460000 - 0x00007ffbdc483000 	C:\Windows\SYSTEM32\WINMM.dll
0x00007ffbd9c10000 - 0x00007ffbd9c1a000 	C:\Windows\SYSTEM32\VERSION.dll
0x00007ffbdc400000 - 0x00007ffbdc42c000 	C:\Windows\SYSTEM32\WINMMBASE.dll
0x00007ffbde230000 - 0x00007ffbde274000 	C:\Windows\system32\cfgmgr32.dll
0x00007ffbdc860000 - 0x00007ffbdc887000 	C:\Windows\SYSTEM32\DEVOBJ.dll
0x0000000073690000 - 0x000000007369f000 	C:\Program Files\Java\jdk1.8.0_92\jre\bin\verify.dll
0x0000000073660000 - 0x0000000073689000 	C:\Program Files\Java\jdk1.8.0_92\jre\bin\java.dll
0x0000000073640000 - 0x0000000073656000 	C:\Program Files\Java\jdk1.8.0_92\jre\bin\zip.dll
0x00007ffbe0070000 - 0x00007ffbe1593000 	C:\Windows\system32\SHELL32.dll
0x00007ffbde450000 - 0x00007ffbdea79000 	C:\Windows\system32\windows.storage.dll
0x00007ffbded40000 - 0x00007ffbdefbc000 	C:\Windows\system32\combase.dll
0x00007ffbdec60000 - 0x00007ffbdecb1000 	C:\Windows\system32\shlwapi.dll
0x00007ffbde050000 - 0x00007ffbde05f000 	C:\Windows\system32\kernel.appcore.dll
0x00007ffbde2e0000 - 0x00007ffbde393000 	C:\Windows\system32\shcore.dll
0x00007ffbddfc0000 - 0x00007ffbde00a000 	C:\Windows\system32\powrprof.dll
0x00007ffbde030000 - 0x00007ffbde043000 	C:\Windows\system32\profapi.dll

VM Arguments:
jvm_args: -Djava.awt.headless=true -Xmx4g -Dfile.encoding=windows-1252 -Duser.country=IN -Duser.language=en -Duser.variant 
java_command: com.android.dx.command.Main --dex --force-jumbo --num-threads=4 --multi-dex --output E:\Pratik\Desta\app\build\intermediates\transforms\dex\release\folders\1000\10\com.google.android.gms-play-services-drive-9.4.0_6e909d2e30cc5777f63b769e5c1c3e2cb8a758f2 E:\Pratik\Desta\app\build\intermediates\exploded-aar\com.google.android.gms\play-services-drive\9.4.0\jars\classes.jar
java_class_path (initial): C:\Users\ADMIN\AppData\Local\Android\sdk\build-tools\24.0.2\lib\dx.jar
Launcher Type: SUN_STANDARD

Environment Variables:
JAVA_HOME=C:\Program Files\Java\jdk1.8.0_92
PATH=C:\ProgramData\Oracle\Java\javapath;C:\Windows\system32;C:\Windows;C:\Windows\System32\Wbem;C:\Windows\System32\WindowsPowerShell\v1.0\;C:\Program Files\nodejs\;C:\Program Files (x86)\Microsoft SQL Server\100\Tools\Binn\;C:\Program Files\Microsoft SQL Server\100\Tools\Binn\;C:\Program Files\Microsoft SQL Server\100\DTS\Binn\;C:\Program Files (x86)\Microsoft SQL Server\100\Tools\Binn\VSShell\Common7\IDE\;C:\Program Files (x86)\Microsoft SQL Server\100\DTS\Binn\;C:\Program Files (x86)\Microsoft SQL Server\110\Tools\Binn\;C:\Program Files\Microsoft SQL Server\110\Tools\Binn\;C:\Program Files\Microsoft SQL Server\110\DTS\Binn\;C:\Program Files (x86)\Microsoft SQL Server\110\Tools\Binn\ManagementStudio\;C:\Program Files (x86)\Microsoft SQL Server\110\DTS\Binn\;C:\Program Files\Git\cmd;C:\Program Files\Microsoft\Web Platform Installer\;C:\Program Files (x86)\Microsoft ASP.NET\ASP.NET Web Pages\v1.0\;C:\Program Files (x86)\Windows Kits\8.0\Windows Performance Toolkit\;C:\Program Files (x86)\Windows Kits\10\Windows Performance Toolkit\;C:\Program Files (x86)\Microsoft SDKs\TypeScript\1.0\;C:\Program Files\Microsoft SQL Server\120\Tools\Binn\;C:\Program Files (x86)\Skype\Phone\;C:\Program Files\Java\jdk1.8.0_92\bin
USERNAME=ADMIN
OS=Windows_NT
PROCESSOR_IDENTIFIER=Intel64 Family 6 Model 60 Stepping 3, GenuineIntel



---------------  S Y S T E M  ---------------

OS: Windows 10.0 , 64 bit Build 10240 (10.0.10240.17113)

CPU:total 2 (2 cores per cpu, 1 threads per core) family 6 model 60 stepping 3, cmov, cx8, fxsr, mmx, sse, sse2, sse3, ssse3, sse4.1, sse4.2, popcnt, clmul, erms, lzcnt, tsc, tscinvbit

Memory: 4k page, physical 4060176k(214580k free), swap 8093456k(5388k free)

vm_info: Java HotSpot(TM) 64-Bit Server VM (25.92-b14) for windows-amd64 JRE (1.8.0_92-b14), built on Mar 31 2016 21:03:04 by "java_re" with MS VC++ 10.0 (VS2010)

time: Mon Oct 03 18:32:43 2016
elapsed time: 3 seconds (0d 0h 0m 3s)

