#
# There is insufficient memory for the Java Runtime Environment to continue.
# Native memory allocation (malloc) failed to allocate 583376 bytes for Chunk::new
# Possible reasons:
#   The system is out of physical RAM or swap space
#   In 32 bit mode, the process size limit was hit
# Possible solutions:
#   Reduce memory load on the system
#   Increase physical memory or swap space
#   Check if swap backing store is full
#   Use 64 bit Java on a 64 bit OS
#   Decrease Java heap size (-Xmx/-Xms)
#   Decrease number of Java threads
#   Decrease Java thread stack sizes (-Xss)
#   Set larger code cache with -XX:ReservedCodeCacheSize=
# This output file may be truncated or incomplete.
#
#  Out of Memory Error (allocation.cpp:390), pid=2172, tid=0x0000000000002168
#
# JRE version: Java(TM) SE Runtime Environment (8.0_92-b14) (build 1.8.0_92-b14)
# Java VM: Java HotSpot(TM) 64-Bit Server VM (25.92-b14 mixed mode windows-amd64 compressed oops)
# Failed to write core dump. Minidumps are not enabled by default on client versions of Windows
#

---------------  T H R E A D  ---------------

Current thread (0x000000001c49a000):  JavaThread "C2 CompilerThread0" daemon [_thread_in_native, id=8552, stack(0x000000001d4d0000,0x000000001d5d0000)]

Stack: [0x000000001d4d0000,0x000000001d5d0000]
[error occurred during error reporting (printing stack bounds), id 0xc0000005]

Native frames: (J=compiled Java code, j=interpreted, Vv=VM code, C=native code)


Current CompileTask:
C2:  20258 1998   !   4       com.android.dx.cf.code.Ropper::processBlock (1101 bytes)


---------------  P R O C E S S  ---------------

Java Threads: ( => current thread )
  0x000000001dad0800 JavaThread "pool-1-thread-1" [_thread_in_native, id=3560, stack(0x000000001f9a0000,0x000000001faa0000)]
  0x000000001c4fb800 JavaThread "Service Thread" daemon [_thread_blocked, id=8904, stack(0x000000001d6d0000,0x000000001d7d0000)]
  0x000000001c4f5000 JavaThread "C1 CompilerThread1" daemon [_thread_blocked, id=8860, stack(0x000000001d5d0000,0x000000001d6d0000)]
=>0x000000001c49a000 JavaThread "C2 CompilerThread0" daemon [_thread_in_native, id=8552, stack(0x000000001d4d0000,0x000000001d5d0000)]
  0x000000001c498800 JavaThread "Attach Listener" daemon [_thread_blocked, id=9156, stack(0x000000001d3d0000,0x000000001d4d0000)]
  0x000000001c495000 JavaThread "Signal Dispatcher" daemon [_thread_blocked, id=7500, stack(0x000000001d2d0000,0x000000001d3d0000)]
  0x000000001c488800 JavaThread "Finalizer" daemon [_thread_blocked, id=8100, stack(0x000000001d0f0000,0x000000001d1f0000)]
  0x0000000002ffd000 JavaThread "Reference Handler" daemon [_thread_blocked, id=9652, stack(0x000000001cff0000,0x000000001d0f0000)]
  0x0000000002e0d800 JavaThread "main" [_thread_blocked, id=9632, stack(0x0000000002e10000,0x0000000002f10000)]

Other Threads:
  0x000000001c466800 VMThread [stack: 0x000000001cef0000,0x000000001cff0000] [id=7160]
  0x000000001c4ff800 WatcherThread [stack: 0x000000001d7d0000,0x000000001d8d0000] [id=8320]

VM state:not at safepoint (normal execution)

VM Mutex/Monitor currently owned by a thread: None

Heap:
 PSYoungGen      total 66048K, used 39088K [0x000000076ab00000, 0x000000076ee00000, 0x00000007c0000000)
  eden space 63488K, 57% used [0x000000076ab00000,0x000000076ceac2f8,0x000000076e900000)
  from space 2560K, 100% used [0x000000076e900000,0x000000076eb80000,0x000000076eb80000)
  to   space 2560K, 0% used [0x000000076eb80000,0x000000076eb80000,0x000000076ee00000)
 ParOldGen       total 42496K, used 23783K [0x00000006c0000000, 0x00000006c2980000, 0x000000076ab00000)
  object space 42496K, 55% used [0x00000006c0000000,0x00000006c1739d48,0x00000006c2980000)
 Metaspace       used 6424K, capacity 7156K, committed 7296K, reserved 1056768K
  class space    used 600K, capacity 620K, committed 640K, reserved 1048576K

Card table byte_map: [0x00000000123d0000,0x0000000012be0000] byte_map_base: 0x000000000edd0000

Marking Bits: (ParMarkBitMap*) 0x00000000699964f0
 Begin Bits: [0x0000000013340000, 0x0000000017340000)
 End Bits:   [0x0000000017340000, 0x000000001b340000)

Polling page: 0x0000000002bb0000

CodeCache: size=245760Kb used=9673Kb max_used=9673Kb free=236086Kb
 bounds [0x0000000003010000, 0x0000000003990000, 0x0000000012010000]
 total_blobs=2277 nmethods=2009 adapters=181
 compilation: enabled

Compilation events (10 events):
Event: 19.277 Thread 0x000000001c4f5000 2010       3       com.android.dx.rop.cst.CstLiteral64::hashCode (15 bytes)
Event: 19.277 Thread 0x000000001c4f5000 nmethod 2010 0x00000000039852d0 code [0x0000000003985420, 0x0000000003985590]
Event: 19.280 Thread 0x000000001c4f5000 2011       3       com.android.dx.rop.type.Type::getArrayType (50 bytes)
Event: 19.281 Thread 0x000000001c4f5000 nmethod 2011 0x00000000039840d0 code [0x00000000039842c0, 0x0000000003984d68]
Event: 19.281 Thread 0x000000001c4f5000 2012       1       sun.util.calendar.CalendarDate::setNormalized (6 bytes)
Event: 19.281 Thread 0x000000001c4f5000 nmethod 2012 0x0000000003983e10 code [0x0000000003983f60, 0x0000000003984070]
Event: 19.286 Thread 0x000000001c4f5000 2014       3       com.android.dx.dex.file.AnnotationsDirectoryItem::setClassAnnotations (45 bytes)
Event: 19.287 Thread 0x000000001c4f5000 nmethod 2014 0x0000000003987710 code [0x00000000039878a0, 0x0000000003987ca8]
Event: 19.294 Thread 0x000000001c4f5000 2015       3       com.android.dx.ssa.SCCP::simulateMath (424 bytes)
Event: 19.295 Thread 0x000000001c4f5000 nmethod 2015 0x0000000003987e50 code [0x0000000003988100, 0x0000000003989a68]

GC Heap History (10 events):
Event: 8.887 GC heap before
{Heap before GC invocations=1 (full 0):
 PSYoungGen      total 18432K, used 15872K [0x000000076ab00000, 0x000000076bf80000, 0x00000007c0000000)
  eden space 15872K, 100% used [0x000000076ab00000,0x000000076ba80000,0x000000076ba80000)
  from space 2560K, 0% used [0x000000076bd00000,0x000000076bd00000,0x000000076bf80000)
  to   space 2560K, 0% used [0x000000076ba80000,0x000000076ba80000,0x000000076bd00000)
 ParOldGen       total 42496K, used 0K [0x00000006c0000000, 0x00000006c2980000, 0x000000076ab00000)
  object space 42496K, 0% used [0x00000006c0000000,0x00000006c0000000,0x00000006c2980000)
 Metaspace       used 5506K, capacity 6448K, committed 6528K, reserved 1056768K
  class space    used 589K, capacity 616K, committed 640K, reserved 1048576K
Event: 8.981 GC heap after
Heap after GC invocations=1 (full 0):
 PSYoungGen      total 18432K, used 2551K [0x000000076ab00000, 0x000000076cf00000, 0x00000007c0000000)
  eden space 15872K, 0% used [0x000000076ab00000,0x000000076ab00000,0x000000076ba80000)
  from space 2560K, 99% used [0x000000076ba80000,0x000000076bcfdf88,0x000000076bd00000)
  to   space 2560K, 0% used [0x000000076cc80000,0x000000076cc80000,0x000000076cf00000)
 ParOldGen       total 42496K, used 736K [0x00000006c0000000, 0x00000006c2980000, 0x000000076ab00000)
  object space 42496K, 1% used [0x00000006c0000000,0x00000006c00b82f0,0x00000006c2980000)
 Metaspace       used 5506K, capacity 6448K, committed 6528K, reserved 1056768K
  class space    used 589K, capacity 616K, committed 640K, reserved 1048576K
}
Event: 10.102 GC heap before
{Heap before GC invocations=2 (full 0):
 PSYoungGen      total 18432K, used 18423K [0x000000076ab00000, 0x000000076cf00000, 0x00000007c0000000)
  eden space 15872K, 100% used [0x000000076ab00000,0x000000076ba80000,0x000000076ba80000)
  from space 2560K, 99% used [0x000000076ba80000,0x000000076bcfdf88,0x000000076bd00000)
  to   space 2560K, 0% used [0x000000076cc80000,0x000000076cc80000,0x000000076cf00000)
 ParOldGen       total 42496K, used 736K [0x00000006c0000000, 0x00000006c2980000, 0x000000076ab00000)
  object space 42496K, 1% used [0x00000006c0000000,0x00000006c00b82f0,0x00000006c2980000)
 Metaspace       used 6071K, capacity 6962K, committed 7040K, reserved 1056768K
  class space    used 595K, capacity 618K, committed 640K, reserved 1048576K
Event: 10.358 GC heap after
Heap after GC invocations=2 (full 0):
 PSYoungGen      total 34304K, used 2528K [0x000000076ab00000, 0x000000076cf00000, 0x00000007c0000000)
  eden space 31744K, 0% used [0x000000076ab00000,0x000000076ab00000,0x000000076ca00000)
  from space 2560K, 98% used [0x000000076cc80000,0x000000076cef8038,0x000000076cf00000)
  to   space 2560K, 0% used [0x000000076ca00000,0x000000076ca00000,0x000000076cc80000)
 ParOldGen       total 42496K, used 2363K [0x00000006c0000000, 0x00000006c2980000, 0x000000076ab00000)
  object space 42496K, 5% used [0x00000006c0000000,0x00000006c024eca0,0x00000006c2980000)
 Metaspace       used 6071K, capacity 6962K, committed 7040K, reserved 1056768K
  class space    used 595K, capacity 618K, committed 640K, reserved 1048576K
}
Event: 13.322 GC heap before
{Heap before GC invocations=3 (full 0):
 PSYoungGen      total 34304K, used 34272K [0x000000076ab00000, 0x000000076cf00000, 0x00000007c0000000)
  eden space 31744K, 100% used [0x000000076ab00000,0x000000076ca00000,0x000000076ca00000)
  from space 2560K, 98% used [0x000000076cc80000,0x000000076cef8038,0x000000076cf00000)
  to   space 2560K, 0% used [0x000000076ca00000,0x000000076ca00000,0x000000076cc80000)
 ParOldGen       total 42496K, used 2363K [0x00000006c0000000, 0x00000006c2980000, 0x000000076ab00000)
  object space 42496K, 5% used [0x00000006c0000000,0x00000006c024eca0,0x00000006c2980000)
 Metaspace       used 6272K, capacity 7090K, committed 7296K, reserved 1056768K
  class space    used 596K, capacity 618K, committed 640K, reserved 1048576K
Event: 13.416 GC heap after
Heap after GC invocations=3 (full 0):
 PSYoungGen      total 34304K, used 2560K [0x000000076ab00000, 0x000000076ee00000, 0x00000007c0000000)
  eden space 31744K, 0% used [0x000000076ab00000,0x000000076ab00000,0x000000076ca00000)
  from space 2560K, 100% used [0x000000076ca00000,0x000000076cc80000,0x000000076cc80000)
  to   space 2560K, 0% used [0x000000076eb80000,0x000000076eb80000,0x000000076ee00000)
 ParOldGen       total 42496K, used 7905K [0x00000006c0000000, 0x00000006c2980000, 0x000000076ab00000)
  object space 42496K, 18% used [0x00000006c0000000,0x00000006c07b8488,0x00000006c2980000)
 Metaspace       used 6272K, capacity 7090K, committed 7296K, reserved 1056768K
  class space    used 596K, capacity 618K, committed 640K, reserved 1048576K
}
Event: 15.283 GC heap before
{Heap before GC invocations=4 (full 0):
 PSYoungGen      total 34304K, used 34304K [0x000000076ab00000, 0x000000076ee00000, 0x00000007c0000000)
  eden space 31744K, 100% used [0x000000076ab00000,0x000000076ca00000,0x000000076ca00000)
  from space 2560K, 100% used [0x000000076ca00000,0x000000076cc80000,0x000000076cc80000)
  to   space 2560K, 0% used [0x000000076eb80000,0x000000076eb80000,0x000000076ee00000)
 ParOldGen       total 42496K, used 7905K [0x00000006c0000000, 0x00000006c2980000, 0x000000076ab00000)
  object space 42496K, 18% used [0x00000006c0000000,0x00000006c07b8488,0x00000006c2980000)
 Metaspace       used 6295K, capacity 7090K, committed 7296K, reserved 1056768K
  class space    used 597K, capacity 618K, committed 640K, reserved 1048576K
Event: 15.437 GC heap after
Heap after GC invocations=4 (full 0):
 PSYoungGen      total 66048K, used 2560K [0x000000076ab00000, 0x000000076ee00000, 0x00000007c0000000)
  eden space 63488K, 0% used [0x000000076ab00000,0x000000076ab00000,0x000000076e900000)
  from space 2560K, 100% used [0x000000076eb80000,0x000000076ee00000,0x000000076ee00000)
  to   space 2560K, 0% used [0x000000076e900000,0x000000076e900000,0x000000076eb80000)
 ParOldGen       total 42496K, used 12599K [0x00000006c0000000, 0x00000006c2980000, 0x000000076ab00000)
  object space 42496K, 29% used [0x00000006c0000000,0x00000006c0c4df38,0x00000006c2980000)
 Metaspace       used 6295K, capacity 7090K, committed 7296K, reserved 1056768K
  class space    used 597K, capacity 618K, committed 640K, reserved 1048576K
}
Event: 19.035 GC heap before
{Heap before GC invocations=5 (full 0):
 PSYoungGen      total 66048K, used 66048K [0x000000076ab00000, 0x000000076ee00000, 0x00000007c0000000)
  eden space 63488K, 100% used [0x000000076ab00000,0x000000076e900000,0x000000076e900000)
  from space 2560K, 100% used [0x000000076eb80000,0x000000076ee00000,0x000000076ee00000)
  to   space 2560K, 0% used [0x000000076e900000,0x000000076e900000,0x000000076eb80000)
 ParOldGen       total 42496K, used 12599K [0x00000006c0000000, 0x00000006c2980000, 0x000000076ab00000)
  object space 42496K, 29% used [0x00000006c0000000,0x00000006c0c4df38,0x00000006c2980000)
 Metaspace       used 6405K, capacity 7154K, committed 7296K, reserved 1056768K
  class space    used 597K, capacity 618K, committed 640K, reserved 1048576K
Event: 19.189 GC heap after
Heap after GC invocations=5 (full 0):
 PSYoungGen      total 66048K, used 2560K [0x000000076ab00000, 0x000000076ee00000, 0x00000007c0000000)
  eden space 63488K, 0% used [0x000000076ab00000,0x000000076ab00000,0x000000076e900000)
  from space 2560K, 100% used [0x000000076e900000,0x000000076eb80000,0x000000076eb80000)
  to   space 2560K, 0% used [0x000000076eb80000,0x000000076eb80000,0x000000076ee00000)
 ParOldGen       total 42496K, used 23783K [0x00000006c0000000, 0x00000006c2980000, 0x000000076ab00000)
  object space 42496K, 55% used [0x00000006c0000000,0x00000006c1739d48,0x00000006c2980000)
 Metaspace       used 6405K, capacity 7154K, committed 7296K, reserved 1056768K
  class space    used 597K, capacity 618K, committed 640K, reserved 1048576K
}

Deoptimization events (10 events):
Event: 17.397 Thread 0x000000001daf1000 Uncommon trap: reason=class_check action=maybe_recompile pc=0x000000000378a0f4 method=com.android.dx.ssa.SsaMethod.isRegALocal(Lcom/android/dx/rop/code/RegisterSpec;)Z @ 16
Event: 17.397 Thread 0x000000001daf1000 Uncommon trap: reason=class_check action=maybe_recompile pc=0x000000000378a0f4 method=com.android.dx.ssa.SsaMethod.isRegALocal(Lcom/android/dx/rop/code/RegisterSpec;)Z @ 16
Event: 17.397 Thread 0x000000001daf1000 Uncommon trap: reason=class_check action=maybe_recompile pc=0x000000000378a0f4 method=com.android.dx.ssa.SsaMethod.isRegALocal(Lcom/android/dx/rop/code/RegisterSpec;)Z @ 16
Event: 17.397 Thread 0x000000001daf1000 Uncommon trap: reason=class_check action=maybe_recompile pc=0x000000000378a0f4 method=com.android.dx.ssa.SsaMethod.isRegALocal(Lcom/android/dx/rop/code/RegisterSpec;)Z @ 16
Event: 17.398 Thread 0x000000001daf1000 Uncommon trap: reason=class_check action=maybe_recompile pc=0x00000000037f215c method=com.android.dx.ssa.PhiTypeResolver.run()V @ 151
Event: 17.399 Thread 0x000000001daf1000 Uncommon trap: reason=unstable_if action=reinterpret pc=0x00000000037cec78 method=com.android.dx.dex.code.RopTranslator.pickOrder()V @ 279
Event: 17.413 Thread 0x000000001daf1000 Uncommon trap: reason=class_check action=maybe_recompile pc=0x00000000037f215c method=com.android.dx.ssa.PhiTypeResolver.run()V @ 151
Event: 17.457 Thread 0x000000001dae6000 Uncommon trap: reason=class_check action=maybe_recompile pc=0x00000000037f215c method=com.android.dx.ssa.PhiTypeResolver.run()V @ 151
Event: 19.293 Thread 0x000000001daf7000 Uncommon trap: reason=bimorphic action=maybe_recompile pc=0x000000000385d714 method=java.util.HashMap.getNode(ILjava/lang/Object;)Ljava/util/HashMap$Node; @ 126
Event: 19.293 Thread 0x000000001daf7000 Uncommon trap: reason=bimorphic action=maybe_recompile pc=0x00000000033a12e8 method=java.util.HashMap.getNode(ILjava/lang/Object;)Ljava/util/HashMap$Node; @ 126

Internal exceptions (2 events):
Event: 1.683 Thread 0x0000000002e0d800 Exception <a 'java/lang/NoSuchMethodError': Method sun.misc.Unsafe.defineClass(Ljava/lang/String;[BII)Ljava/lang/Class; name or signature does not match> (0x000000076ab07cc0) thrown at [D:\re\workspace\8-2-build-windows-amd64-cygwin\jdk8u92\6642\hotspot\srZ@T9мъ?
Event: 1.683 Thread 0x0000000002e0d800 Exception <a 'java/lang/NoSuchMethodError': Method sun.misc.Unsafe.prefetchRead(Ljava/lang/Object;J)V name or signature does not match> (0x000000076ab07fa8) thrown at [D:\re\workspace\8-2-build-windows-amd64-cygwin\jdk8u92\6642\hotspot\src\share\vm\prims\j

Events (10 events):
Event: 19.782 loading class java/util/HashMap$KeyIterator done
Event: 19.782 Thread 0x000000001daf0000 Thread exited: 0x000000001daf0000
Event: 19.782 Thread 0x000000001daf7000 Thread exited: 0x000000001daf7000
Event: 19.782 Thread 0x000000001dae6000 Thread exited: 0x000000001dae6000
Event: 19.782 Thread 0x000000001daeb800 Thread exited: 0x000000001daeb800
Event: 19.782 loading class com/android/dx/command/dexer/Main$DexWriter
Event: 19.782 loading class com/android/dx/command/dexer/Main$DexWriter done
Event: 19.899 Thread 0x000000001dad0800 Thread added: 0x000000001dad0800
Event: 19.899 Thread 0x000000001daf1000 Thread exited: 0x000000001daf1000
Event: 19.900 loading class java/util/TreeMap$KeySet


Dynamic libraries:
0x00007ff74cdb0000 - 0x00007ff74cde7000 	C:\Program Files\Java\jdk1.8.0_92\bin\java.exe
0x00007ffd18930000 - 0x00007ffd18af2000 	C:\Windows\SYSTEM32\ntdll.dll
0x00007ffd15ff0000 - 0x00007ffd1609d000 	C:\Windows\system32\KERNEL32.DLL
0x00007ffd15e10000 - 0x00007ffd15fed000 	C:\Windows\system32\KERNELBASE.dll
0x00007ffd18880000 - 0x00007ffd18926000 	C:\Windows\system32\ADVAPI32.dll
0x00007ffd182d0000 - 0x00007ffd1836d000 	C:\Windows\system32\msvcrt.dll
0x00007ffd18820000 - 0x00007ffd1887b000 	C:\Windows\system32\sechost.dll
0x00007ffd18450000 - 0x00007ffd18576000 	C:\Windows\system32\RPCRT4.dll
0x00007ffd18650000 - 0x00007ffd1879e000 	C:\Windows\system32\USER32.dll
0x00007ffd160a0000 - 0x00007ffd16225000 	C:\Windows\system32\GDI32.dll
0x00007ffd055e0000 - 0x00007ffd05854000 	C:\Windows\WinSxS\amd64_microsoft.windows.common-controls_6595b64144ccf1df_6.0.10240.17113_none_f41e180257520c58\COMCTL32.dll
0x00007ffd17da0000 - 0x00007ffd17dd6000 	C:\Windows\system32\IMM32.DLL
0x00007ffd18020000 - 0x00007ffd1817c000 	C:\Windows\system32\MSCTF.dll
0x00000000690a0000 - 0x0000000069172000 	C:\Program Files\Java\jdk1.8.0_92\jre\bin\msvcr100.dll
0x0000000069180000 - 0x0000000069a16000 	C:\Program Files\Java\jdk1.8.0_92\jre\bin\server\jvm.dll
0x00007ffd17910000 - 0x00007ffd17918000 	C:\Windows\system32\PSAPI.DLL
0x00007ffd092a0000 - 0x00007ffd092a9000 	C:\Windows\SYSTEM32\WSOCK32.dll
0x00007ffd18180000 - 0x00007ffd181e9000 	C:\Windows\system32\WS2_32.dll
0x00007ffd18640000 - 0x00007ffd18648000 	C:\Windows\system32\NSI.dll
0x00007ffd137f0000 - 0x00007ffd13813000 	C:\Windows\SYSTEM32\WINMM.dll
0x00007ffd11100000 - 0x00007ffd1110a000 	C:\Windows\SYSTEM32\VERSION.dll
0x00007ffd13790000 - 0x00007ffd137bc000 	C:\Windows\SYSTEM32\WINMMBASE.dll
0x00007ffd15a20000 - 0x00007ffd15a64000 	C:\Windows\system32\cfgmgr32.dll
0x00007ffd13bf0000 - 0x00007ffd13c17000 	C:\Windows\SYSTEM32\DEVOBJ.dll
0x000000006a700000 - 0x000000006a70f000 	C:\Program Files\Java\jdk1.8.0_92\jre\bin\verify.dll
0x000000006a5f0000 - 0x000000006a619000 	C:\Program Files\Java\jdk1.8.0_92\jre\bin\java.dll
0x000000006a5d0000 - 0x000000006a5e6000 	C:\Program Files\Java\jdk1.8.0_92\jre\bin\zip.dll
0x00007ffd16230000 - 0x00007ffd17753000 	C:\Windows\system32\SHELL32.dll
0x00007ffd153f0000 - 0x00007ffd15a19000 	C:\Windows\system32\windows.storage.dll
0x00007ffd17920000 - 0x00007ffd17b9c000 	C:\Windows\system32\combase.dll
0x00007ffd18580000 - 0x00007ffd185d1000 	C:\Windows\system32\shlwapi.dll
0x00007ffd153c0000 - 0x00007ffd153cf000 	C:\Windows\system32\kernel.appcore.dll
0x00007ffd15a70000 - 0x00007ffd15b23000 	C:\Windows\system32\shcore.dll
0x00007ffd15370000 - 0x00007ffd153ba000 	C:\Windows\system32\powrprof.dll
0x00007ffd153d0000 - 0x00007ffd153e3000 	C:\Windows\system32\profapi.dll

VM Arguments:
jvm_args: -Djava.awt.headless=true -Xmx4g -Dfile.encoding=windows-1252 -Duser.country=IN -Duser.language=en -Duser.variant 
java_command: com.android.dx.command.Main --dex --force-jumbo --num-threads=4 --multi-dex --output E:\Pratik\Desta\app\build\intermediates\transforms\dex\release\folders\1000\10\com.google.android.gms-play-services-drive-9.4.0_6e909d2e30cc5777f63b769e5c1c3e2cb8a758f2 E:\Pratik\Desta\app\build\intermediates\exploded-aar\com.google.android.gms\play-services-drive\9.4.0\jars\classes.jar
java_class_path (initial): C:\Users\ADMIN\AppData\Local\Android\sdk\build-tools\24.0.2\lib\dx.jar
Launcher Type: SUN_STANDARD

Environment Variables:
JAVA_HOME=C:\Program Files\Java\jdk1.8.0_92
PATH=C:\ProgramData\Oracle\Java\javapath;C:\Windows\system32;C:\Windows;C:\Windows\System32\Wbem;C:\Windows\System32\WindowsPowerShell\v1.0\;C:\Program Files\nodejs\;C:\Program Files (x86)\Microsoft SQL Server\100\Tools\Binn\;C:\Program Files\Microsoft SQL Server\100\Tools\Binn\;C:\Program Files\Microsoft SQL Server\100\DTS\Binn\;C:\Program Files (x86)\Microsoft SQL Server\100\Tools\Binn\VSShell\Common7\IDE\;C:\Program Files (x86)\Microsoft SQL Server\100\DTS\Binn\;C:\Program Files (x86)\Microsoft SQL Server\110\Tools\Binn\;C:\Program Files\Microsoft SQL Server\110\Tools\Binn\;C:\Program Files\Microsoft SQL Server\110\DTS\Binn\;C:\Program Files (x86)\Microsoft SQL Server\110\Tools\Binn\ManagementStudio\;C:\Program Files (x86)\Microsoft SQL Server\110\DTS\Binn\;C:\Program Files\Git\cmd;C:\Program Files\Microsoft\Web Platform Installer\;C:\Program Files (x86)\Microsoft ASP.NET\ASP.NET Web Pages\v1.0\;C:\Program Files (x86)\Windows Kits\8.0\Windows Performance Toolkit\;C:\Program Files (x86)\Windows Kits\10\Windows Performance Toolkit\;C:\Program Files (x86)\Microsoft SDKs\TypeScript\1.0\;C:\Program Files\Microsoft SQL Server\120\Tools\Binn\;C:\Program Files (x86)\Skype\Phone\;C:\Program Files\Java\jdk1.8.0_92\bin
USERNAME=ADMIN
OS=Windows_NT
PROCESSOR_IDENTIFIER=Intel64 Family 6 Model 60 Stepping 3, GenuineIntel



---------------  S Y S T E M  ---------------

OS: Windows 10.0 , 64 bit Build 10240 (10.0.10240.17113)

CPU:total 2 (2 cores per cpu, 1 threads per core) family 6 model 60 stepping 3, cmov, cx8, fxsr, mmx, sse, sse2, sse3, ssse3, sse4.1, sse4.2, popcnt, clmul, erms, lzcnt, tsc, tscinvbit

Memory: 4k page, physical 4060176k(230152k free), swap 7983644k(2220k free)

vm_info: Java HotSpot(TM) 64-Bit Server VM (25.92-b14) for windows-amd64 JRE (1.8.0_92-b14), built on Mar 31 2016 21:03:04 by "java_re" with MS VC++ 10.0 (VS2010)

time: Tue Oct 04 12:19:15 2016
elapsed time: 20 seconds (0d 0h 0m 20s)

