#
# There is insufficient memory for the Java Runtime Environment to continue.
# Native memory allocation (malloc) failed to allocate 32744 bytes for ChunkPool::allocate
# Possible reasons:
#   The system is out of physical RAM or swap space
#   In 32 bit mode, the process size limit was hit
# Possible solutions:
#   Reduce memory load on the system
#   Increase physical memory or swap space
#   Check if swap backing store is full
#   Use 64 bit Java on a 64 bit OS
#   Decrease Java heap size (-Xmx/-Xms)
#   Decrease number of Java threads
#   Decrease Java thread stack sizes (-Xss)
#   Set larger code cache with -XX:ReservedCodeCacheSize=
# This output file may be truncated or incomplete.
#
#  Out of Memory Error (allocation.cpp:273), pid=7520, tid=0x0000000000000b70
#
# JRE version: Java(TM) SE Runtime Environment (8.0_92-b14) (build 1.8.0_92-b14)
# Java VM: Java HotSpot(TM) 64-Bit Server VM (25.92-b14 mixed mode windows-amd64 compressed oops)
# Failed to write core dump. Minidumps are not enabled by default on client versions of Windows
#

---------------  T H R E A D  ---------------

Current thread (0x000000001b7ea000):  JavaThread "C2 CompilerThread0" daemon [_thread_in_native, id=2928, stack(0x000000001c810000,0x000000001c910000)]

Stack: [0x000000001c810000,0x000000001c910000]
[error occurred during error reporting (printing stack bounds), id 0xc0000005]

Native frames: (J=compiled Java code, j=interpreted, Vv=VM code, C=native code)


Current CompileTask:
C2:  24239 1803   !   4       com.android.dx.cf.code.Ropper::processBlock (1101 bytes)


---------------  P R O C E S S  ---------------

Java Threads: ( => current thread )
  0x000000001ce53800 JavaThread "pool-2-thread-4" [_thread_in_Java, id=8256, stack(0x000000001d410000,0x000000001d510000)]
  0x000000001ce4e000 JavaThread "pool-2-thread-3" [_thread_in_Java, id=8520, stack(0x000000001d310000,0x000000001d410000)]
  0x000000001ce49000 JavaThread "pool-2-thread-2" [_thread_in_Java, id=2476, stack(0x000000001d210000,0x000000001d310000)]
  0x000000001ce46000 JavaThread "pool-3-thread-1" [_thread_blocked, id=8204, stack(0x000000001d110000,0x000000001d210000)]
  0x000000001ce42800 JavaThread "pool-2-thread-1" [_thread_in_Java, id=6420, stack(0x000000001d010000,0x000000001d110000)]
  0x000000001b84a000 JavaThread "Service Thread" daemon [_thread_blocked, id=2976, stack(0x000000001ca10000,0x000000001cb10000)]
  0x000000001b7ed800 JavaThread "C1 CompilerThread1" daemon [_thread_blocked, id=2936, stack(0x000000001c910000,0x000000001ca10000)]
=>0x000000001b7ea000 JavaThread "C2 CompilerThread0" daemon [_thread_in_native, id=2928, stack(0x000000001c810000,0x000000001c910000)]
  0x000000001b7e8800 JavaThread "Attach Listener" daemon [_thread_blocked, id=2628, stack(0x000000001c710000,0x000000001c810000)]
  0x000000001b7e5000 JavaThread "Signal Dispatcher" daemon [_thread_blocked, id=2452, stack(0x000000001c610000,0x000000001c710000)]
  0x000000001b7d8800 JavaThread "Finalizer" daemon [_thread_blocked, id=5312, stack(0x000000001c430000,0x000000001c530000)]
  0x000000000234d000 JavaThread "Reference Handler" daemon [_thread_blocked, id=1428, stack(0x000000001c330000,0x000000001c430000)]
  0x000000000203d800 JavaThread "main" [_thread_in_vm, id=5640, stack(0x0000000002040000,0x0000000002140000)]

Other Threads:
  0x000000001b7b6800 VMThread [stack: 0x000000001c230000,0x000000001c330000] [id=1232]
  0x000000001b84f000 WatcherThread [stack: 0x000000001cb10000,0x000000001cc10000] [id=2972]

VM state:not at safepoint (normal execution)

VM Mutex/Monitor currently owned by a thread: None

Heap:
 PSYoungGen      total 226304K, used 91338K [0x000000076ab00000, 0x0000000784e80000, 0x00000007c0000000)
  eden space 80896K, 63% used [0x000000076ab00000,0x000000076dd384a8,0x000000076fa00000)
  from space 145408K, 27% used [0x000000076fa00000,0x00000007720fa368,0x0000000778800000)
  to   space 165888K, 0% used [0x000000077ac80000,0x000000077ac80000,0x0000000784e80000)
 ParOldGen       total 247296K, used 197689K [0x00000006c0000000, 0x00000006cf180000, 0x000000076ab00000)
  object space 247296K, 79% used [0x00000006c0000000,0x00000006cc10e638,0x00000006cf180000)
 Metaspace       used 6491K, capacity 7192K, committed 7424K, reserved 1056768K
  class space    used 622K, capacity 656K, committed 768K, reserved 1048576K

Card table byte_map: [0x0000000011720000,0x0000000011f30000] byte_map_base: 0x000000000e120000

Marking Bits: (ParMarkBitMap*) 0x00000000699964f0
 Begin Bits: [0x0000000012690000, 0x0000000016690000)
 End Bits:   [0x0000000016690000, 0x000000001a690000)

Polling page: 0x00000000009b0000

CodeCache: size=245760Kb used=7858Kb max_used=7858Kb free=237901Kb
 bounds [0x0000000002360000, 0x0000000002b20000, 0x0000000011360000]
 total_blobs=2216 nmethods=1948 adapters=181
 compilation: enabled

Compilation events (10 events):
Event: 23.986 Thread 0x000000001b7ed800 nmethod 2011 0x0000000002afaa90 code [0x0000000002afad80, 0x0000000002afbd28]
Event: 23.987 Thread 0x000000001b7ed800 2012       2       com.android.dx.dex.file.AnnotationsDirectoryItem::addFieldAnnotations (44 bytes)
Event: 23.987 Thread 0x000000001b7ed800 nmethod 2012 0x0000000002afd290 code [0x0000000002afd420, 0x0000000002afd888]
Event: 23.989 Thread 0x000000001b7ed800 2013       2       java.util.HashMap::comparableClassFor (105 bytes)
Event: 23.989 Thread 0x000000001b7ed800 nmethod 2013 0x0000000002afdbd0 code [0x0000000002afdd80, 0x0000000002afe1e8]
Event: 23.989 Thread 0x000000001b7ed800 2014       2       java.util.HashMap$TreeNode::getTreeNode (22 bytes)
Event: 23.989 Thread 0x000000001b7ed800 nmethod 2014 0x0000000002afe510 code [0x0000000002afe680, 0x0000000002afe868]
Event: 24.000 Thread 0x000000001b7ed800 2016       2       java.io.DataInputStream::<init> (30 bytes)
Event: 24.000 Thread 0x000000001b7ed800 nmethod 2016 0x0000000002afe9d0 code [0x0000000002afeb40, 0x0000000002afee90]
Event: 24.194 Thread 0x000000001b7ed800 2020       2       com.android.dx.cf.direct.AnnotationParser::<init> (69 bytes)

GC Heap History (10 events):
Event: 12.745 GC heap before
{Heap before GC invocations=19 (full 3):
 PSYoungGen      total 192000K, used 182900K [0x000000076ab00000, 0x000000077ff00000, 0x00000007c0000000)
  eden space 84992K, 100% used [0x000000076ab00000,0x000000076fe00000,0x000000076fe00000)
  from space 107008K, 91% used [0x000000076fe00000,0x0000000775d9d058,0x0000000776680000)
  to   space 121856K, 0% used [0x0000000778800000,0x0000000778800000,0x000000077ff00000)
 ParOldGen       total 247296K, used 174593K [0x00000006c0000000, 0x00000006cf180000, 0x000000076ab00000)
  object space 247296K, 70% used [0x00000006c0000000,0x00000006caa80560,0x00000006cf180000)
 Metaspace       used 6442K, capacity 7192K, committed 7424K, reserved 1056768K
  class space    used 622K, capacity 656K, committed 768K, reserved 1048576K
Event: 14.095 GC heap after
Heap after GC invocations=19 (full 3):
 PSYoungGen      total 202752K, used 121826K [0x000000076ab00000, 0x0000000783180000, 0x00000007c0000000)
  eden space 80896K, 0% used [0x000000076ab00000,0x000000076ab00000,0x000000076fa00000)
  from space 121856K, 99% used [0x0000000778800000,0x000000077fef88c8,0x000000077ff00000)
  to   space 145408K, 0% used [0x000000076fa00000,0x000000076fa00000,0x0000000778800000)
 ParOldGen       total 247296K, used 182853K [0x00000006c0000000, 0x00000006cf180000, 0x000000076ab00000)
  object space 247296K, 73% used [0x00000006c0000000,0x00000006cb291778,0x00000006cf180000)
 Metaspace       used 6442K, capacity 7192K, committed 7424K, reserved 1056768K
  class space    used 622K, capacity 656K, committed 768K, reserved 1048576K
}
Event: 15.697 GC heap before
{Heap before GC invocations=20 (full 3):
 PSYoungGen      total 202752K, used 202722K [0x000000076ab00000, 0x0000000783180000, 0x00000007c0000000)
  eden space 80896K, 100% used [0x000000076ab00000,0x000000076fa00000,0x000000076fa00000)
  from space 121856K, 99% used [0x0000000778800000,0x000000077fef88c8,0x000000077ff00000)
  to   space 145408K, 0% used [0x000000076fa00000,0x000000076fa00000,0x0000000778800000)
 ParOldGen       total 247296K, used 182853K [0x00000006c0000000, 0x00000006cf180000, 0x000000076ab00000)
  object space 247296K, 73% used [0x00000006c0000000,0x00000006cb291778,0x00000006cf180000)
 Metaspace       used 6477K, capacity 7192K, committed 7424K, reserved 1056768K
  class space    used 622K, capacity 656K, committed 768K, reserved 1048576K
Event: 18.068 GC heap after
Heap after GC invocations=20 (full 3):
 PSYoungGen      total 226304K, used 132911K [0x000000076ab00000, 0x0000000784e80000, 0x00000007c0000000)
  eden space 80896K, 0% used [0x000000076ab00000,0x000000076ab00000,0x000000076fa00000)
  from space 145408K, 91% used [0x000000076fa00000,0x0000000777bcbee8,0x0000000778800000)
  to   space 165888K, 0% used [0x000000077ac80000,0x000000077ac80000,0x0000000784e80000)
 ParOldGen       total 247296K, used 200577K [0x00000006c0000000, 0x00000006cf180000, 0x000000076ab00000)
  object space 247296K, 81% used [0x00000006c0000000,0x00000006cc3e05b8,0x00000006cf180000)
 Metaspace       used 6477K, capacity 7192K, committed 7424K, reserved 1056768K
  class space    used 622K, capacity 656K, committed 768K, reserved 1048576K
}
Event: 19.341 GC heap before
{Heap before GC invocations=21 (full 3):
 PSYoungGen      total 226304K, used 213807K [0x000000076ab00000, 0x0000000784e80000, 0x00000007c0000000)
  eden space 80896K, 100% used [0x000000076ab00000,0x000000076fa00000,0x000000076fa00000)
  from space 145408K, 91% used [0x000000076fa00000,0x0000000777bcbee8,0x0000000778800000)
  to   space 165888K, 0% used [0x000000077ac80000,0x000000077ac80000,0x0000000784e80000)
 ParOldGen       total 247296K, used 200577K [0x00000006c0000000, 0x00000006cf180000, 0x000000076ab00000)
  object space 247296K, 81% used [0x00000006c0000000,0x00000006cc3e05b8,0x00000006cf180000)
 Metaspace       used 6481K, capacity 7192K, committed 7424K, reserved 1056768K
  class space    used 622K, capacity 656K, committed 768K, reserved 1048576K
Event: 23.145 GC heap after
Heap after GC invocations=21 (full 3):
 PSYoungGen      total 246784K, used 153192K [0x000000076ab00000, 0x0000000784e80000, 0x00000007c0000000)
  eden space 80896K, 0% used [0x000000076ab00000,0x000000076ab00000,0x000000076fa00000)
  from space 165888K, 92% used [0x000000077ac80000,0x000000078421a3c0,0x0000000784e80000)
  to   space 145408K, 0% used [0x000000076fa00000,0x000000076fa00000,0x0000000778800000)
 ParOldGen       total 247296K, used 214914K [0x00000006c0000000, 0x00000006cf180000, 0x000000076ab00000)
  object space 247296K, 86% used [0x00000006c0000000,0x00000006cd1e0900,0x00000006cf180000)
 Metaspace       used 6481K, capacity 7192K, committed 7424K, reserved 1056768K
  class space    used 622K, capacity 656K, committed 768K, reserved 1048576K
}
Event: 23.145 GC heap before
{Heap before GC invocations=22 (full 4):
 PSYoungGen      total 246784K, used 153192K [0x000000076ab00000, 0x0000000784e80000, 0x00000007c0000000)
  eden space 80896K, 0% used [0x000000076ab00000,0x000000076ab00000,0x000000076fa00000)
  from space 165888K, 92% used [0x000000077ac80000,0x000000078421a3c0,0x0000000784e80000)
  to   space 145408K, 0% used [0x000000076fa00000,0x000000076fa00000,0x0000000778800000)
 ParOldGen       total 247296K, used 214914K [0x00000006c0000000, 0x00000006cf180000, 0x000000076ab00000)
  object space 247296K, 86% used [0x00000006c0000000,0x00000006cd1e0900,0x00000006cf180000)
 Metaspace       used 6481K, capacity 7192K, committed 7424K, reserved 1056768K
  class space    used 622K, capacity 656K, committed 768K, reserved 1048576K
Event: 23.890 GC heap after
Heap after GC invocations=22 (full 4):
 PSYoungGen      total 246784K, used 0K [0x000000076ab00000, 0x0000000784e80000, 0x00000007c0000000)
  eden space 80896K, 0% used [0x000000076ab00000,0x000000076ab00000,0x000000076fa00000)
  from space 165888K, 0% used [0x000000077ac80000,0x000000077ac80000,0x0000000784e80000)
  to   space 145408K, 0% used [0x000000076fa00000,0x000000076fa00000,0x0000000778800000)
 ParOldGen       total 247296K, used 197681K [0x00000006c0000000, 0x00000006cf180000, 0x000000076ab00000)
  object space 247296K, 79% used [0x00000006c0000000,0x00000006cc10c638,0x00000006cf180000)
 Metaspace       used 6481K, capacity 7192K, committed 7424K, reserved 1056768K
  class space    used 622K, capacity 656K, committed 768K, reserved 1048576K
}
Event: 24.026 GC heap before
{Heap before GC invocations=23 (full 4):
 PSYoungGen      total 246784K, used 80896K [0x000000076ab00000, 0x0000000784e80000, 0x00000007c0000000)
  eden space 80896K, 100% used [0x000000076ab00000,0x000000076fa00000,0x000000076fa00000)
  from space 165888K, 0% used [0x000000077ac80000,0x000000077ac80000,0x0000000784e80000)
  to   space 145408K, 0% used [0x000000076fa00000,0x000000076fa00000,0x0000000778800000)
 ParOldGen       total 247296K, used 197681K [0x00000006c0000000, 0x00000006cf180000, 0x000000076ab00000)
  object space 247296K, 79% used [0x00000006c0000000,0x00000006cc10c638,0x00000006cf180000)
 Metaspace       used 6486K, capacity 7192K, committed 7424K, reserved 1056768K
  class space    used 622K, capacity 656K, committed 768K, reserved 1048576K
Event: 24.110 GC heap after
Heap after GC invocations=23 (full 4):
 PSYoungGen      total 226304K, used 39912K [0x000000076ab00000, 0x0000000784e80000, 0x00000007c0000000)
  eden space 80896K, 0% used [0x000000076ab00000,0x000000076ab00000,0x000000076fa00000)
  from space 145408K, 27% used [0x000000076fa00000,0x00000007720fa368,0x0000000778800000)
  to   space 165888K, 0% used [0x000000077ac80000,0x000000077ac80000,0x0000000784e80000)
 ParOldGen       total 247296K, used 197689K [0x00000006c0000000, 0x00000006cf180000, 0x000000076ab00000)
  object space 247296K, 79% used [0x00000006c0000000,0x00000006cc10e638,0x00000006cf180000)
 Metaspace       used 6486K, capacity 7192K, committed 7424K, reserved 1056768K
  class space    used 622K, capacity 656K, committed 768K, reserved 1048576K
}

Deoptimization events (10 events):
Event: 3.342 Thread 0x000000001ce4e000 Uncommon trap: reason=bimorphic action=maybe_recompile pc=0x0000000002923168 method=com.android.dx.cf.code.BytecodeArray.parseInstruction(ILcom/android/dx/cf/code/BytecodeArray$Visitor;)I @ 1161
Event: 8.501 Thread 0x000000001ce49000 Uncommon trap: reason=unstable_if action=reinterpret pc=0x0000000002709720 method=com.android.dx.ssa.SetFactory.makeLivenessSet(I)Lcom/android/dx/util/IntSet; @ 4
Event: 8.502 Thread 0x000000001ce49000 Uncommon trap: reason=unstable_if action=reinterpret pc=0x000000000266337c method=com.android.dx.ssa.SetFactory.makeLivenessSet(I)Lcom/android/dx/util/IntSet; @ 4
Event: 10.560 Thread 0x000000000203d800 Uncommon trap: reason=null_check action=make_not_entrant pc=0x0000000002a50afc method=com.android.dx.rop.type.Prototype.putIntern(Lcom/android/dx/rop/type/Prototype;)Lcom/android/dx/rop/type/Prototype; @ 18
Event: 10.602 Thread 0x000000000203d800 Uncommon trap: reason=bimorphic action=maybe_recompile pc=0x00000000029e3b98 method=com.android.dx.ssa.LiteralOpUpgrader.tryReplacingWithConstant(Lcom/android/dx/ssa/NormalSsaInsn;)Z @ 52
Event: 10.602 Thread 0x000000000203d800 Uncommon trap: reason=bimorphic action=maybe_recompile pc=0x00000000029e3b98 method=com.android.dx.ssa.LiteralOpUpgrader.tryReplacingWithConstant(Lcom/android/dx/ssa/NormalSsaInsn;)Z @ 52
Event: 10.602 Thread 0x000000000203d800 Uncommon trap: reason=bimorphic action=maybe_recompile pc=0x00000000029e3b98 method=com.android.dx.ssa.LiteralOpUpgrader.tryReplacingWithConstant(Lcom/android/dx/ssa/NormalSsaInsn;)Z @ 52
Event: 11.830 Thread 0x000000000203d800 Uncommon trap: reason=unstable_if action=reinterpret pc=0x0000000002a08e3c method=com.android.dx.cf.code.Merger.mergeType(Lcom/android/dx/rop/type/TypeBearer;Lcom/android/dx/rop/type/TypeBearer;)Lcom/android/dx/rop/type/TypeBearer; @ 52
Event: 11.847 Thread 0x000000000203d800 Uncommon trap: reason=bimorphic action=maybe_recompile pc=0x0000000002a73384 method=com.android.dx.cf.code.BytecodeArray.parseInstruction(ILcom/android/dx/cf/code/BytecodeArray$Visitor;)I @ 1357
Event: 11.847 Thread 0x000000000203d800 Uncommon trap: reason=bimorphic action=maybe_recompile pc=0x0000000002a73384 method=com.android.dx.cf.code.BytecodeArray.parseInstruction(ILcom/android/dx/cf/code/BytecodeArray$Visitor;)I @ 1357

Internal exceptions (6 events):
Event: 0.111 Thread 0x000000000203d800 Exception <a 'java/lang/NoSuchMethodError': Method sun.misc.Unsafe.defineClass(Ljava/lang/String;[BII)Ljava/lang/Class; name or signature does not match> (0x000000076ab07cc0) thrown at [D:\re\workspace\8-2-build-windows-amd64-cygwin\jdk8u92\6642\hotspot\srIã†éÅº?
Event: 0.111 Thread 0x000000000203d800 Exception <a 'java/lang/NoSuchMethodError': Method sun.misc.Unsafe.prefetchRead(Ljava/lang/Object;J)V name or signature does not match> (0x000000076ab07fa8) thrown at [D:\re\workspace\8-2-build-windows-amd64-cygwin\jdk8u92\6642\hotspot\src\share\vm\prims\jß7c`q	@
Event: 3.180 Thread 0x000000001ce49000 Exception <a 'java/lang/ArrayIndexOutOfBoundsException': 18> (0x000000076c45aab8) thrown at [D:\re\workspace\8-2-build-windows-amd64-cygwin\jdk8u92\6642\hotspot\src\share\vm\interpreter\interpreterRuntime.cpp, line 366]
Event: 3.181 Thread 0x000000001ce49000 Exception <a 'java/lang/ArrayIndexOutOfBoundsException'> (0x000000076c45c638) thrown at [D:\re\workspace\8-2-build-windows-amd64-cygwin\jdk8u92\6642\hotspot\src\share\vm\runtime\sharedRuntime.cpp, line 605]
Event: 3.285 Thread 0x000000001ce49000 Exception <a 'java/lang/ArrayIndexOutOfBoundsException'> (0x000000076c45d920) thrown at [D:\re\workspace\8-2-build-windows-amd64-cygwin\jdk8u92\6642\hotspot\src\share\vm\runtime\sharedRuntime.cpp, line 605]
Event: 10.559 Thread 0x000000000203d800 Implicit null exception at 0x0000000002a52017 to 0x0000000002a50ab9

Events (10 events):
Event: 12.609 Thread 0x000000000203d800 DEOPT PACKING pc=0x00000000028325a7 sp=0x000000000213e030
Event: 12.609 Thread 0x000000000203d800 DEOPT UNPACKING pc=0x00000000023a747f sp=0x000000000213dd90 mode 0
Event: 12.641 Executing VM operation: ParallelGCFailedAllocation
Event: 14.095 Executing VM operation: ParallelGCFailedAllocation done
Event: 14.987 Executing VM operation: ParallelGCFailedAllocation
Event: 18.068 Executing VM operation: ParallelGCFailedAllocation done
Event: 18.382 Executing VM operation: ParallelGCFailedAllocation
Event: 23.891 Executing VM operation: ParallelGCFailedAllocation done
Event: 24.010 Executing VM operation: ParallelGCFailedAllocation
Event: 24.110 Executing VM operation: ParallelGCFailedAllocation done


Dynamic libraries:
0x00007ff74cdb0000 - 0x00007ff74cde7000 	C:\Program Files\Java\jdk1.8.0_92\bin\java.exe
0x00007ffd18930000 - 0x00007ffd18af2000 	C:\Windows\SYSTEM32\ntdll.dll
0x00007ffd15ff0000 - 0x00007ffd1609d000 	C:\Windows\system32\KERNEL32.DLL
0x00007ffd15e10000 - 0x00007ffd15fed000 	C:\Windows\system32\KERNELBASE.dll
0x00007ffd18880000 - 0x00007ffd18926000 	C:\Windows\system32\ADVAPI32.dll
0x00007ffd182d0000 - 0x00007ffd1836d000 	C:\Windows\system32\msvcrt.dll
0x00007ffd18820000 - 0x00007ffd1887b000 	C:\Windows\system32\sechost.dll
0x00007ffd18450000 - 0x00007ffd18576000 	C:\Windows\system32\RPCRT4.dll
0x00007ffd18650000 - 0x00007ffd1879e000 	C:\Windows\system32\USER32.dll
0x00007ffd160a0000 - 0x00007ffd16225000 	C:\Windows\system32\GDI32.dll
0x00007ffd055e0000 - 0x00007ffd05854000 	C:\Windows\WinSxS\amd64_microsoft.windows.common-controls_6595b64144ccf1df_6.0.10240.17113_none_f41e180257520c58\COMCTL32.dll
0x00007ffd17da0000 - 0x00007ffd17dd6000 	C:\Windows\system32\IMM32.DLL
0x00007ffd18020000 - 0x00007ffd1817c000 	C:\Windows\system32\MSCTF.dll
0x00000000690a0000 - 0x0000000069172000 	C:\Program Files\Java\jdk1.8.0_92\jre\bin\msvcr100.dll
0x0000000069180000 - 0x0000000069a16000 	C:\Program Files\Java\jdk1.8.0_92\jre\bin\server\jvm.dll
0x00007ffd17910000 - 0x00007ffd17918000 	C:\Windows\system32\PSAPI.DLL
0x00007ffd092a0000 - 0x00007ffd092a9000 	C:\Windows\SYSTEM32\WSOCK32.dll
0x00007ffd18180000 - 0x00007ffd181e9000 	C:\Windows\system32\WS2_32.dll
0x00007ffd18640000 - 0x00007ffd18648000 	C:\Windows\system32\NSI.dll
0x00007ffd137f0000 - 0x00007ffd13813000 	C:\Windows\SYSTEM32\WINMM.dll
0x00007ffd11100000 - 0x00007ffd1110a000 	C:\Windows\SYSTEM32\VERSION.dll
0x00007ffd13790000 - 0x00007ffd137bc000 	C:\Windows\SYSTEM32\WINMMBASE.dll
0x00007ffd15a20000 - 0x00007ffd15a64000 	C:\Windows\system32\cfgmgr32.dll
0x00007ffd13bf0000 - 0x00007ffd13c17000 	C:\Windows\SYSTEM32\DEVOBJ.dll
0x000000006a700000 - 0x000000006a70f000 	C:\Program Files\Java\jdk1.8.0_92\jre\bin\verify.dll
0x000000006a5f0000 - 0x000000006a619000 	C:\Program Files\Java\jdk1.8.0_92\jre\bin\java.dll
0x000000006a5d0000 - 0x000000006a5e6000 	C:\Program Files\Java\jdk1.8.0_92\jre\bin\zip.dll
0x00007ffd16230000 - 0x00007ffd17753000 	C:\Windows\system32\SHELL32.dll
0x00007ffd153f0000 - 0x00007ffd15a19000 	C:\Windows\system32\windows.storage.dll
0x00007ffd17920000 - 0x00007ffd17b9c000 	C:\Windows\system32\combase.dll
0x00007ffd18580000 - 0x00007ffd185d1000 	C:\Windows\system32\shlwapi.dll
0x00007ffd153c0000 - 0x00007ffd153cf000 	C:\Windows\system32\kernel.appcore.dll
0x00007ffd15a70000 - 0x00007ffd15b23000 	C:\Windows\system32\shcore.dll
0x00007ffd15370000 - 0x00007ffd153ba000 	C:\Windows\system32\powrprof.dll
0x00007ffd153d0000 - 0x00007ffd153e3000 	C:\Windows\system32\profapi.dll

VM Arguments:
jvm_args: -Djava.awt.headless=true -Xmx4g -Dfile.encoding=windows-1252 -Duser.country=IN -Duser.language=en -Duser.variant 
java_command: com.android.dx.command.Main --dex --force-jumbo --num-threads=4 --multi-dex --output E:\Pratik\Desta\app\build\intermediates\transforms\dex\release\folders\1000\10\com.google.android.gms-play-services-ads-9.4.0_27b1f6f1d5c30d612d1ec063eb2929cf89669ff5 E:\Pratik\Desta\app\build\intermediates\exploded-aar\com.google.android.gms\play-services-ads\9.4.0\jars\classes.jar
java_class_path (initial): C:\Users\ADMIN\AppData\Local\Android\sdk\build-tools\24.0.2\lib\dx.jar
Launcher Type: SUN_STANDARD

Environment Variables:
JAVA_HOME=C:\Program Files\Java\jdk1.8.0_92
PATH=C:\ProgramData\Oracle\Java\javapath;C:\Windows\system32;C:\Windows;C:\Windows\System32\Wbem;C:\Windows\System32\WindowsPowerShell\v1.0\;C:\Program Files\nodejs\;C:\Program Files (x86)\Microsoft SQL Server\100\Tools\Binn\;C:\Program Files\Microsoft SQL Server\100\Tools\Binn\;C:\Program Files\Microsoft SQL Server\100\DTS\Binn\;C:\Program Files (x86)\Microsoft SQL Server\100\Tools\Binn\VSShell\Common7\IDE\;C:\Program Files (x86)\Microsoft SQL Server\100\DTS\Binn\;C:\Program Files (x86)\Microsoft SQL Server\110\Tools\Binn\;C:\Program Files\Microsoft SQL Server\110\Tools\Binn\;C:\Program Files\Microsoft SQL Server\110\DTS\Binn\;C:\Program Files (x86)\Microsoft SQL Server\110\Tools\Binn\ManagementStudio\;C:\Program Files (x86)\Microsoft SQL Server\110\DTS\Binn\;C:\Program Files\Git\cmd;C:\Program Files\Microsoft\Web Platform Installer\;C:\Program Files (x86)\Microsoft ASP.NET\ASP.NET Web Pages\v1.0\;C:\Program Files (x86)\Windows Kits\8.0\Windows Performance Toolkit\;C:\Program Files (x86)\Windows Kits\10\Windows Performance Toolkit\;C:\Program Files (x86)\Microsoft SDKs\TypeScript\1.0\;C:\Program Files\Microsoft SQL Server\120\Tools\Binn\;C:\Program Files (x86)\Skype\Phone\;C:\Program Files\Java\jdk1.8.0_92\bin
USERNAME=ADMIN
OS=Windows_NT
PROCESSOR_IDENTIFIER=Intel64 Family 6 Model 60 Stepping 3, GenuineIntel



---------------  S Y S T E M  ---------------

OS: Windows 10.0 , 64 bit Build 10240 (10.0.10240.17113)

CPU:total 2 (2 cores per cpu, 1 threads per core) family 6 model 60 stepping 3, cmov, cx8, fxsr, mmx, sse, sse2, sse3, ssse3, sse4.1, sse4.2, popcnt, clmul, erms, lzcnt, tsc, tscinvbit

Memory: 4k page, physical 4060176k(230152k free), swap 7983644k(2220k free)

vm_info: Java HotSpot(TM) 64-Bit Server VM (25.92-b14) for windows-amd64 JRE (1.8.0_92-b14), built on Mar 31 2016 21:03:04 by "java_re" with MS VC++ 10.0 (VS2010)

time: Tue Oct 04 12:19:15 2016
elapsed time: 24 seconds (0d 0h 0m 24s)

